<?xml version="1.0" encoding="UTF-8"?>
<!-- Generated by org.testng.reporters.JUnitXMLReporter -->
<testsuite ignored="0" hostname="DESKTOP-M1H2EC0" failures="0" tests="5" name="Default test" time="53.788" errors="0" timestamp="2023-09-15T09:59:38 IST">
  <testcase classname="testcases.nobrokertestcases" name="location" time="20.677"/>
  <testcase classname="testcases.nobrokertestcases" name="search" time="12.108"/>
  <testcase classname="testcases.nobrokertestcases" name="getValues" time="4.811"/>
  <testcase classname="testcases.nobrokertestcases" name="sortByOldestFirst" time="8.317"/>
  <testcase classname="testcases.nobrokertestcases" name="sortbyrent" time="7.781"/>
</testsuite> <!-- Default test -->
